<?xml version="1.0" encoding="UTF-8"?>
<testng-results ignored="0" total="1" passed="1" failed="0" skipped="0">
  <reporter-output>
  </reporter-output>
  <suite started-at="2022-03-29T01:25:25 TRT" name="MySuite" finished-at="2022-03-29T01:25:27 TRT" duration-ms="2524">
    <groups>
    </groups>
    <test started-at="2022-03-29T01:25:25 TRT" name="Regression" finished-at="2022-03-29T01:25:27 TRT" duration-ms="2524">
      <class name="testCases.TestLogin_invalid">
        <test-method is-config="true" signature="setUp()[pri:0, instance:testCases.TestLogin_invalid@5906ebcb]" started-at="2022-03-29T01:25:25 TRT" name="setUp" finished-at="2022-03-29T01:25:27 TRT" duration-ms="2012" status="PASS">
          <reporter-output>
          </reporter-output>
        </test-method> <!-- setUp -->
        <test-method signature="MavenParamTest()[pri:0, instance:testCases.TestLogin_invalid@5906ebcb]" started-at="2022-03-29T01:25:27 TRT" name="MavenParamTest" finished-at="2022-03-29T01:25:27 TRT" duration-ms="366" status="PASS">
          <reporter-output>
          </reporter-output>
        </test-method> <!-- MavenParamTest -->
        <test-method is-config="true" signature="tearDown()[pri:0, instance:testCases.TestLogin_invalid@5906ebcb]" started-at="2022-03-29T01:25:27 TRT" name="tearDown" finished-at="2022-03-29T01:25:27 TRT" duration-ms="111" status="PASS">
          <reporter-output>
          </reporter-output>
        </test-method> <!-- tearDown -->
      </class> <!-- testCases.TestLogin_invalid -->
    </test> <!-- Regression -->
  </suite> <!-- MySuite -->
</testng-results>
